c:\users\fimxi\desktop\batleye-pasted-master\x64\release\vc142.pdb
c:\users\fimxi\desktop\batleye-pasted-master\x64\release\util.obj
c:\users\fimxi\desktop\batleye-pasted-master\x64\release\settings.obj
c:\users\fimxi\desktop\batleye-pasted-master\x64\release\offsets.obj
c:\users\fimxi\desktop\batleye-pasted-master\x64\release\menu.obj
c:\users\fimxi\desktop\batleye-pasted-master\x64\release\fortupdaters.obj
c:\users\fimxi\desktop\batleye-pasted-master\x64\release\core.obj
c:\users\fimxi\desktop\batleye-pasted-master\x64\release\config.obj
c:\users\fimxi\desktop\batleye-pasted-master\x64\release\imgui_impl_dx11.obj
c:\users\fimxi\desktop\batleye-pasted-master\x64\release\imgui_draw.obj
c:\users\fimxi\desktop\batleye-pasted-master\x64\release\imgui.obj
c:\users\fimxi\desktop\batleye-pasted-master\x64\release\helper.obj
c:\users\fimxi\desktop\batleye-pasted-master\x64\release\dllmain.obj
c:\users\fimxi\desktop\batleye-pasted-master\x64\release\discord.obj
c:\users\utilisateur\downloads\source\source\trueaim\x64\release\release\nvision.dll
c:\users\utilisateur\downloads\source\source\trueaim\x64\release\release\nvision.pdb
c:\users\fimxi\desktop\batleye-pasted-master\x64\release\release\nvision.dll
c:\users\fimxi\desktop\batleye-pasted-master\x64\release\release\nvision.pdb
c:\users\fimxi\desktop\batleye-pasted-master\x64\release\spoofinternal.obj
c:\users\utilisateur\downloads\source\source\trueaim\x64\release\release\trueaim.lib
c:\users\utilisateur\downloads\source\source\trueaim\x64\release\release\trueaim.exp
c:\users\utilisateur\downloads\source\source\trueaim\x64\release\release\trueaim.ipdb
c:\users\utilisateur\downloads\source\source\trueaim\x64\release\release\trueaim.iobj
c:\users\utilisateur\downloads\source\source\trueaim\x64\release\release\nvision.lib
c:\users\utilisateur\downloads\source\source\trueaim\x64\release\release\nvision.exp
c:\users\utilisateur\downloads\source\source\trueaim\x64\release\release\nvision.ipdb
c:\users\utilisateur\downloads\source\source\trueaim\x64\release\release\nvision.iobj
c:\users\fimxi\desktop\batleye-pasted-master\x64\release\release\nvision.lib
c:\users\fimxi\desktop\batleye-pasted-master\x64\release\release\nvision.exp
c:\users\fimxi\desktop\batleye-pasted-master\x64\release\release\nvision.ipdb
c:\users\fimxi\desktop\batleye-pasted-master\x64\release\release\nvision.iobj
c:\users\fimxi\desktop\batleye-pasted-master\x64\release\nvision.tlog\cl.command.1.tlog
c:\users\fimxi\desktop\batleye-pasted-master\x64\release\nvision.tlog\cl.read.1.tlog
c:\users\fimxi\desktop\batleye-pasted-master\x64\release\nvision.tlog\cl.write.1.tlog
c:\users\fimxi\desktop\batleye-pasted-master\x64\release\nvision.tlog\link.command.1.tlog
c:\users\fimxi\desktop\batleye-pasted-master\x64\release\nvision.tlog\link.read.1.tlog
c:\users\fimxi\desktop\batleye-pasted-master\x64\release\nvision.tlog\link.write.1.tlog
c:\users\fimxi\desktop\batleye-pasted-master\x64\release\nvision.tlog\masm.read.1u.tlog
c:\users\fimxi\desktop\batleye-pasted-master\x64\release\nvision.tlog\masm.write.1u.tlog
c:\users\fimxi\desktop\batleye-pasted-master\x64\release\nvision.tlog\nvision.write.1u.tlog
